2018-03-16 17:21:17 [main] INFO  App:67 - # of occurences of a In first string: 1 In second string: 1
2018-03-16 17:21:17 [main] INFO  App:67 - # of occurences of b In first string: 1 In second string: 0
2018-03-16 17:21:17 [main] INFO  App:67 - # of occurences of c In first string: 0 In second string: 0
2018-03-16 17:21:17 [main] INFO  App:67 - # of occurences of d In first string: 0 In second string: 0
2018-03-16 17:21:17 [main] INFO  App:67 - # of occurences of e In first string: 1 In second string: 1
2018-03-16 17:21:17 [main] INFO  App:67 - # of occurences of f In first string: 0 In second string: 0
2018-03-16 17:21:17 [main] INFO  App:67 - # of occurences of g In first string: 1 In second string: 0
2018-03-16 17:21:17 [main] INFO  App:67 - # of occurences of h In first string: 0 In second string: 0
2018-03-16 17:21:17 [main] INFO  App:67 - # of occurences of i In first string: 0 In second string: 0
2018-03-16 17:21:17 [main] INFO  App:67 - # of occurences of j In first string: 0 In second string: 0
2018-03-16 17:21:17 [main] INFO  App:67 - # of occurences of k In first string: 0 In second string: 0
2018-03-16 17:21:17 [main] INFO  App:67 - # of occurences of l In first string: 1 In second string: 1
2018-03-16 17:21:17 [main] INFO  App:67 - # of occurences of m In first string: 0 In second string: 0
2018-03-16 17:21:17 [main] INFO  App:67 - # of occurences of n In first string: 0 In second string: 0
2018-03-16 17:21:17 [main] INFO  App:67 - # of occurences of o In first string: 0 In second string: 0
2018-03-16 17:21:17 [main] INFO  App:67 - # of occurences of p In first string: 0 In second string: 2
2018-03-16 17:21:17 [main] INFO  App:67 - # of occurences of q In first string: 0 In second string: 0
2018-03-16 17:21:17 [main] INFO  App:67 - # of occurences of r In first string: 0 In second string: 0
2018-03-16 17:21:17 [main] INFO  App:67 - # of occurences of s In first string: 0 In second string: 1
2018-03-16 17:21:17 [main] INFO  App:67 - # of occurences of t In first string: 0 In second string: 0
2018-03-16 17:21:17 [main] INFO  App:67 - # of occurences of u In first string: 0 In second string: 0
2018-03-16 17:21:17 [main] INFO  App:67 - # of occurences of v In first string: 0 In second string: 0
2018-03-16 17:21:17 [main] INFO  App:67 - # of occurences of w In first string: 0 In second string: 0
2018-03-16 17:21:17 [main] INFO  App:67 - # of occurences of x In first string: 0 In second string: 0
2018-03-16 17:21:17 [main] INFO  App:67 - # of occurences of y In first string: 0 In second string: 0
2018-03-16 17:21:17 [main] INFO  App:67 - # of occurences of z In first string: 0 In second string: 0
2018-03-16 17:21:17 [main] INFO  App:105 - 0
2018-03-16 17:25:20 [main] INFO  App:67 - # of occurences of a In first string: 1 In second string: 1
2018-03-16 17:25:20 [main] INFO  App:67 - # of occurences of b In first string: 1 In second string: 0
2018-03-16 17:25:20 [main] INFO  App:67 - # of occurences of c In first string: 0 In second string: 0
2018-03-16 17:25:20 [main] INFO  App:67 - # of occurences of d In first string: 0 In second string: 0
2018-03-16 17:25:20 [main] INFO  App:67 - # of occurences of e In first string: 1 In second string: 1
2018-03-16 17:25:20 [main] INFO  App:67 - # of occurences of f In first string: 0 In second string: 0
2018-03-16 17:25:20 [main] INFO  App:67 - # of occurences of g In first string: 1 In second string: 0
2018-03-16 17:25:20 [main] INFO  App:67 - # of occurences of h In first string: 0 In second string: 0
2018-03-16 17:25:20 [main] INFO  App:67 - # of occurences of i In first string: 0 In second string: 0
2018-03-16 17:25:20 [main] INFO  App:67 - # of occurences of j In first string: 0 In second string: 0
2018-03-16 17:25:20 [main] INFO  App:67 - # of occurences of k In first string: 0 In second string: 0
2018-03-16 17:25:20 [main] INFO  App:67 - # of occurences of l In first string: 1 In second string: 1
2018-03-16 17:25:20 [main] INFO  App:67 - # of occurences of m In first string: 0 In second string: 0
2018-03-16 17:25:20 [main] INFO  App:67 - # of occurences of n In first string: 0 In second string: 0
2018-03-16 17:25:20 [main] INFO  App:67 - # of occurences of o In first string: 0 In second string: 0
2018-03-16 17:25:20 [main] INFO  App:67 - # of occurences of p In first string: 0 In second string: 2
2018-03-16 17:25:20 [main] INFO  App:67 - # of occurences of q In first string: 0 In second string: 0
2018-03-16 17:25:20 [main] INFO  App:67 - # of occurences of r In first string: 0 In second string: 0
2018-03-16 17:25:20 [main] INFO  App:67 - # of occurences of s In first string: 1 In second string: 1
2018-03-16 17:25:20 [main] INFO  App:67 - # of occurences of t In first string: 0 In second string: 0
2018-03-16 17:25:20 [main] INFO  App:67 - # of occurences of u In first string: 0 In second string: 0
2018-03-16 17:25:20 [main] INFO  App:67 - # of occurences of v In first string: 0 In second string: 0
2018-03-16 17:25:20 [main] INFO  App:67 - # of occurences of w In first string: 0 In second string: 0
2018-03-16 17:25:20 [main] INFO  App:67 - # of occurences of x In first string: 0 In second string: 0
2018-03-16 17:25:20 [main] INFO  App:67 - # of occurences of y In first string: 0 In second string: 0
2018-03-16 17:25:20 [main] INFO  App:67 - # of occurences of z In first string: 0 In second string: 0
2018-03-16 17:25:20 [main] INFO  App:106 - 0
2018-03-16 17:26:56 [main] INFO  App:67 - # of occurences of a In first string: 1 In second string: 1
2018-03-16 17:26:56 [main] INFO  App:67 - # of occurences of b In first string: 1 In second string: 0
2018-03-16 17:26:56 [main] INFO  App:67 - # of occurences of c In first string: 0 In second string: 0
2018-03-16 17:26:56 [main] INFO  App:67 - # of occurences of d In first string: 0 In second string: 0
2018-03-16 17:26:56 [main] INFO  App:67 - # of occurences of e In first string: 2 In second string: 0
2018-03-16 17:26:56 [main] INFO  App:67 - # of occurences of f In first string: 0 In second string: 0
2018-03-16 17:26:56 [main] INFO  App:67 - # of occurences of g In first string: 1 In second string: 0
2018-03-16 17:26:56 [main] INFO  App:67 - # of occurences of h In first string: 0 In second string: 0
2018-03-16 17:26:56 [main] INFO  App:67 - # of occurences of i In first string: 0 In second string: 0
2018-03-16 17:26:56 [main] INFO  App:67 - # of occurences of j In first string: 0 In second string: 0
2018-03-16 17:26:56 [main] INFO  App:67 - # of occurences of k In first string: 0 In second string: 0
2018-03-16 17:26:56 [main] INFO  App:67 - # of occurences of l In first string: 2 In second string: 2
2018-03-16 17:26:56 [main] INFO  App:67 - # of occurences of m In first string: 0 In second string: 0
2018-03-16 17:26:56 [main] INFO  App:67 - # of occurences of n In first string: 0 In second string: 0
2018-03-16 17:26:56 [main] INFO  App:67 - # of occurences of o In first string: 0 In second string: 0
2018-03-16 17:26:56 [main] INFO  App:67 - # of occurences of p In first string: 0 In second string: 1
2018-03-16 17:26:56 [main] INFO  App:67 - # of occurences of q In first string: 0 In second string: 0
2018-03-16 17:26:56 [main] INFO  App:67 - # of occurences of r In first string: 0 In second string: 0
2018-03-16 17:26:56 [main] INFO  App:67 - # of occurences of s In first string: 2 In second string: 1
2018-03-16 17:26:56 [main] INFO  App:67 - # of occurences of t In first string: 0 In second string: 0
2018-03-16 17:26:56 [main] INFO  App:67 - # of occurences of u In first string: 0 In second string: 0
2018-03-16 17:26:56 [main] INFO  App:67 - # of occurences of v In first string: 0 In second string: 0
2018-03-16 17:26:56 [main] INFO  App:67 - # of occurences of w In first string: 0 In second string: 0
2018-03-16 17:26:56 [main] INFO  App:67 - # of occurences of x In first string: 0 In second string: 0
2018-03-16 17:26:56 [main] INFO  App:67 - # of occurences of y In first string: 0 In second string: 0
2018-03-16 17:26:56 [main] INFO  App:67 - # of occurences of z In first string: 0 In second string: 0
2018-03-16 17:26:56 [main] INFO  App:77 - The first string has 1 occurences of b and the second string has only 0 occurences of  b
2018-03-16 17:26:56 [main] INFO  App:79 - So removing 1 occurences of b from first string
2018-03-16 17:26:56 [main] INFO  App:96 - removeOccurrencesOfCharacter: Just removed an occurence of b, resulting in agelless
2018-03-16 17:26:56 [main] INFO  App:99 - returning resulting string:  agelless
2018-03-16 17:26:56 [main] INFO  App:77 - The first string has 2 occurences of e and the second string has only 0 occurences of  e
2018-03-16 17:26:56 [main] INFO  App:79 - So removing 2 occurences of e from first string
2018-03-16 17:26:56 [main] INFO  App:96 - removeOccurrencesOfCharacter: Just removed an occurence of e, resulting in 
2018-03-16 17:26:56 [main] INFO  App:96 - removeOccurrencesOfCharacter: Just removed an occurence of e, resulting in 
2018-03-16 17:26:56 [main] INFO  App:99 - returning resulting string:  
2018-03-16 17:26:56 [main] INFO  App:77 - The first string has 1 occurences of g and the second string has only 0 occurences of  g
2018-03-16 17:26:56 [main] INFO  App:79 - So removing 1 occurences of g from first string
2018-03-16 17:26:56 [main] INFO  App:96 - removeOccurrencesOfCharacter: Just removed an occurence of g, resulting in 
2018-03-16 17:26:56 [main] INFO  App:99 - returning resulting string:  
2018-03-16 17:26:56 [main] INFO  App:77 - The first string has 2 occurences of s and the second string has only 1 occurences of  s
2018-03-16 17:26:56 [main] INFO  App:79 - So removing 1 occurences of s from first string
2018-03-16 17:26:56 [main] INFO  App:96 - removeOccurrencesOfCharacter: Just removed an occurence of s, resulting in 
2018-03-16 17:26:56 [main] INFO  App:99 - returning resulting string:  
2018-03-16 17:26:56 [main] INFO  App:108 - 0
2018-03-16 17:31:48 [main] INFO  App:67 - # of occurences of a In first string: 1 In second string: 1
2018-03-16 17:31:48 [main] INFO  App:67 - # of occurences of b In first string: 1 In second string: 0
2018-03-16 17:31:48 [main] INFO  App:67 - # of occurences of c In first string: 0 In second string: 0
2018-03-16 17:31:48 [main] INFO  App:67 - # of occurences of d In first string: 0 In second string: 0
2018-03-16 17:31:48 [main] INFO  App:67 - # of occurences of e In first string: 1 In second string: 1
2018-03-16 17:31:48 [main] INFO  App:67 - # of occurences of f In first string: 0 In second string: 0
2018-03-16 17:31:48 [main] INFO  App:67 - # of occurences of g In first string: 1 In second string: 0
2018-03-16 17:31:48 [main] INFO  App:67 - # of occurences of h In first string: 0 In second string: 0
2018-03-16 17:31:48 [main] INFO  App:67 - # of occurences of i In first string: 0 In second string: 0
2018-03-16 17:31:48 [main] INFO  App:67 - # of occurences of j In first string: 0 In second string: 0
2018-03-16 17:31:48 [main] INFO  App:67 - # of occurences of k In first string: 0 In second string: 0
2018-03-16 17:31:48 [main] INFO  App:67 - # of occurences of l In first string: 2 In second string: 1
2018-03-16 17:31:48 [main] INFO  App:67 - # of occurences of m In first string: 0 In second string: 0
2018-03-16 17:31:48 [main] INFO  App:67 - # of occurences of n In first string: 0 In second string: 0
2018-03-16 17:31:48 [main] INFO  App:67 - # of occurences of o In first string: 0 In second string: 0
2018-03-16 17:31:48 [main] INFO  App:67 - # of occurences of p In first string: 0 In second string: 2
2018-03-16 17:31:48 [main] INFO  App:67 - # of occurences of q In first string: 0 In second string: 0
2018-03-16 17:31:48 [main] INFO  App:67 - # of occurences of r In first string: 0 In second string: 0
2018-03-16 17:31:48 [main] INFO  App:67 - # of occurences of s In first string: 0 In second string: 2
2018-03-16 17:31:48 [main] INFO  App:67 - # of occurences of t In first string: 0 In second string: 0
2018-03-16 17:31:48 [main] INFO  App:67 - # of occurences of u In first string: 0 In second string: 0
2018-03-16 17:31:48 [main] INFO  App:67 - # of occurences of v In first string: 0 In second string: 0
2018-03-16 17:31:48 [main] INFO  App:67 - # of occurences of w In first string: 0 In second string: 0
2018-03-16 17:31:48 [main] INFO  App:67 - # of occurences of x In first string: 0 In second string: 0
2018-03-16 17:31:48 [main] INFO  App:67 - # of occurences of y In first string: 0 In second string: 0
2018-03-16 17:31:48 [main] INFO  App:67 - # of occurences of z In first string: 0 In second string: 0
2018-03-16 17:31:48 [main] INFO  App:77 - The first string has 1 occurences of b and the second string has only 0 occurences of  b
2018-03-16 17:31:48 [main] INFO  App:79 - So removing 1 occurences of b from first string
2018-03-16 17:31:48 [main] INFO  App:96 - removeOccurrencesOfCharacter: Just removed an occurence of b, resulting in agell
2018-03-16 17:31:48 [main] INFO  App:99 - returning resulting string:  agell
2018-03-16 17:31:48 [main] INFO  App:77 - The first string has 1 occurences of g and the second string has only 0 occurences of  g
2018-03-16 17:31:48 [main] INFO  App:79 - So removing 1 occurences of g from first string
2018-03-16 17:31:48 [main] INFO  App:96 - removeOccurrencesOfCharacter: Just removed an occurence of g, resulting in 
2018-03-16 17:31:48 [main] INFO  App:99 - returning resulting string:  
2018-03-16 17:31:48 [main] INFO  App:77 - The first string has 2 occurences of l and the second string has only 1 occurences of  l
2018-03-16 17:31:48 [main] INFO  App:79 - So removing 1 occurences of l from first string
2018-03-16 17:31:48 [main] INFO  App:96 - removeOccurrencesOfCharacter: Just removed an occurence of l, resulting in 
2018-03-16 17:31:48 [main] INFO  App:99 - returning resulting string:  
2018-03-16 17:31:48 [main] INFO  App:108 - 0
2018-03-16 17:32:30 [main] INFO  App:67 - # of occurences of a In first string: 1 In second string: 1
2018-03-16 17:32:30 [main] INFO  App:67 - # of occurences of b In first string: 1 In second string: 0
2018-03-16 17:32:30 [main] INFO  App:67 - # of occurences of c In first string: 0 In second string: 0
2018-03-16 17:32:30 [main] INFO  App:67 - # of occurences of d In first string: 0 In second string: 0
2018-03-16 17:32:30 [main] INFO  App:67 - # of occurences of e In first string: 1 In second string: 1
2018-03-16 17:32:30 [main] INFO  App:67 - # of occurences of f In first string: 0 In second string: 0
2018-03-16 17:32:30 [main] INFO  App:67 - # of occurences of g In first string: 1 In second string: 0
2018-03-16 17:32:30 [main] INFO  App:67 - # of occurences of h In first string: 0 In second string: 0
2018-03-16 17:32:30 [main] INFO  App:67 - # of occurences of i In first string: 0 In second string: 0
2018-03-16 17:32:30 [main] INFO  App:67 - # of occurences of j In first string: 0 In second string: 0
2018-03-16 17:32:30 [main] INFO  App:67 - # of occurences of k In first string: 0 In second string: 0
2018-03-16 17:32:30 [main] INFO  App:67 - # of occurences of l In first string: 1 In second string: 1
2018-03-16 17:32:30 [main] INFO  App:67 - # of occurences of m In first string: 0 In second string: 0
2018-03-16 17:32:30 [main] INFO  App:67 - # of occurences of n In first string: 0 In second string: 0
2018-03-16 17:32:30 [main] INFO  App:67 - # of occurences of o In first string: 0 In second string: 0
2018-03-16 17:32:30 [main] INFO  App:67 - # of occurences of p In first string: 0 In second string: 2
2018-03-16 17:32:30 [main] INFO  App:67 - # of occurences of q In first string: 0 In second string: 0
2018-03-16 17:32:30 [main] INFO  App:67 - # of occurences of r In first string: 0 In second string: 0
2018-03-16 17:32:30 [main] INFO  App:67 - # of occurences of s In first string: 1 In second string: 1
2018-03-16 17:32:30 [main] INFO  App:67 - # of occurences of t In first string: 0 In second string: 0
2018-03-16 17:32:30 [main] INFO  App:67 - # of occurences of u In first string: 0 In second string: 0
2018-03-16 17:32:30 [main] INFO  App:67 - # of occurences of v In first string: 0 In second string: 0
2018-03-16 17:32:30 [main] INFO  App:67 - # of occurences of w In first string: 0 In second string: 0
2018-03-16 17:32:30 [main] INFO  App:67 - # of occurences of x In first string: 0 In second string: 0
2018-03-16 17:32:30 [main] INFO  App:67 - # of occurences of y In first string: 0 In second string: 0
2018-03-16 17:32:30 [main] INFO  App:67 - # of occurences of z In first string: 0 In second string: 0
2018-03-16 17:32:30 [main] INFO  App:77 - The first string has 1 occurences of b and the second string has only 0 occurences of  b
2018-03-16 17:32:30 [main] INFO  App:79 - So removing 1 occurences of b from first string
2018-03-16 17:32:30 [main] INFO  App:96 - removeOccurrencesOfCharacter: Just removed an occurence of b, resulting in agels
2018-03-16 17:32:30 [main] INFO  App:99 - returning resulting string:  agels
2018-03-16 17:32:30 [main] INFO  App:77 - The first string has 1 occurences of g and the second string has only 0 occurences of  g
2018-03-16 17:32:30 [main] INFO  App:79 - So removing 1 occurences of g from first string
2018-03-16 17:32:30 [main] INFO  App:96 - removeOccurrencesOfCharacter: Just removed an occurence of g, resulting in 
2018-03-16 17:32:30 [main] INFO  App:99 - returning resulting string:  
2018-03-16 17:32:30 [main] INFO  App:108 - 0
2018-03-16 17:33:41 [main] INFO  App:67 - # of occurences of a In first string: 1 In second string: 1
2018-03-16 17:33:41 [main] INFO  App:67 - # of occurences of b In first string: 1 In second string: 0
2018-03-16 17:33:41 [main] INFO  App:67 - # of occurences of c In first string: 0 In second string: 0
2018-03-16 17:33:41 [main] INFO  App:67 - # of occurences of d In first string: 0 In second string: 0
2018-03-16 17:33:41 [main] INFO  App:67 - # of occurences of e In first string: 2 In second string: 0
2018-03-16 17:33:41 [main] INFO  App:67 - # of occurences of f In first string: 0 In second string: 0
2018-03-16 17:33:41 [main] INFO  App:67 - # of occurences of g In first string: 1 In second string: 0
2018-03-16 17:33:41 [main] INFO  App:67 - # of occurences of h In first string: 0 In second string: 0
2018-03-16 17:33:41 [main] INFO  App:67 - # of occurences of i In first string: 0 In second string: 0
2018-03-16 17:33:41 [main] INFO  App:67 - # of occurences of j In first string: 0 In second string: 0
2018-03-16 17:33:41 [main] INFO  App:67 - # of occurences of k In first string: 0 In second string: 0
2018-03-16 17:33:41 [main] INFO  App:67 - # of occurences of l In first string: 1 In second string: 1
2018-03-16 17:33:41 [main] INFO  App:67 - # of occurences of m In first string: 0 In second string: 0
2018-03-16 17:33:41 [main] INFO  App:67 - # of occurences of n In first string: 0 In second string: 0
2018-03-16 17:33:41 [main] INFO  App:67 - # of occurences of o In first string: 0 In second string: 0
2018-03-16 17:33:41 [main] INFO  App:67 - # of occurences of p In first string: 0 In second string: 2
2018-03-16 17:33:41 [main] INFO  App:67 - # of occurences of q In first string: 0 In second string: 0
2018-03-16 17:33:41 [main] INFO  App:67 - # of occurences of r In first string: 0 In second string: 0
2018-03-16 17:33:41 [main] INFO  App:67 - # of occurences of s In first string: 3 In second string: 2
2018-03-16 17:33:41 [main] INFO  App:67 - # of occurences of t In first string: 0 In second string: 0
2018-03-16 17:33:41 [main] INFO  App:67 - # of occurences of u In first string: 0 In second string: 0
2018-03-16 17:33:41 [main] INFO  App:67 - # of occurences of v In first string: 0 In second string: 0
2018-03-16 17:33:41 [main] INFO  App:67 - # of occurences of w In first string: 0 In second string: 0
2018-03-16 17:33:41 [main] INFO  App:67 - # of occurences of x In first string: 0 In second string: 0
2018-03-16 17:33:41 [main] INFO  App:67 - # of occurences of y In first string: 0 In second string: 0
2018-03-16 17:33:41 [main] INFO  App:67 - # of occurences of z In first string: 0 In second string: 0
2018-03-16 17:33:41 [main] INFO  App:77 - The first string has 1 occurences of b and the second string has only 0 occurences of  b
2018-03-16 17:33:41 [main] INFO  App:79 - So removing 1 occurences of b from first string
2018-03-16 17:33:41 [main] INFO  App:96 - removeOccurrencesOfCharacter: Just removed an occurence of b, resulting in ageelsss
2018-03-16 17:33:41 [main] INFO  App:99 - returning resulting string:  ageelsss
2018-03-16 17:33:41 [main] INFO  App:77 - The first string has 2 occurences of e and the second string has only 0 occurences of  e
2018-03-16 17:33:41 [main] INFO  App:79 - So removing 2 occurences of e from first string
2018-03-16 17:33:41 [main] INFO  App:96 - removeOccurrencesOfCharacter: Just removed an occurence of e, resulting in agelsss
2018-03-16 17:33:41 [main] INFO  App:96 - removeOccurrencesOfCharacter: Just removed an occurence of e, resulting in aglsss
2018-03-16 17:33:41 [main] INFO  App:99 - returning resulting string:  aglsss
2018-03-16 17:33:41 [main] INFO  App:77 - The first string has 1 occurences of g and the second string has only 0 occurences of  g
2018-03-16 17:33:41 [main] INFO  App:79 - So removing 1 occurences of g from first string
2018-03-16 17:33:41 [main] INFO  App:96 - removeOccurrencesOfCharacter: Just removed an occurence of g, resulting in alsss
2018-03-16 17:33:41 [main] INFO  App:99 - returning resulting string:  alsss
2018-03-16 17:33:41 [main] INFO  App:77 - The first string has 3 occurences of s and the second string has only 2 occurences of  s
2018-03-16 17:33:41 [main] INFO  App:79 - So removing 1 occurences of s from first string
2018-03-16 17:33:41 [main] INFO  App:96 - removeOccurrencesOfCharacter: Just removed an occurence of s, resulting in alss
2018-03-16 17:33:41 [main] INFO  App:99 - returning resulting string:  alss
2018-03-16 17:33:41 [main] INFO  App:108 - 0
2018-03-16 17:39:43 [main] INFO  App:67 - # of occurences of a In first string: 1 In second string: 2
2018-03-16 17:39:43 [main] INFO  App:67 - # of occurences of b In first string: 0 In second string: 0
2018-03-16 17:39:43 [main] INFO  App:67 - # of occurences of c In first string: 0 In second string: 0
2018-03-16 17:39:43 [main] INFO  App:67 - # of occurences of d In first string: 0 In second string: 1
2018-03-16 17:39:43 [main] INFO  App:67 - # of occurences of e In first string: 3 In second string: 3
2018-03-16 17:39:43 [main] INFO  App:67 - # of occurences of f In first string: 2 In second string: 1
2018-03-16 17:39:43 [main] INFO  App:67 - # of occurences of g In first string: 1 In second string: 1
2018-03-16 17:39:43 [main] INFO  App:67 - # of occurences of h In first string: 0 In second string: 0
2018-03-16 17:39:43 [main] INFO  App:67 - # of occurences of i In first string: 1 In second string: 1
2018-03-16 17:39:43 [main] INFO  App:67 - # of occurences of j In first string: 0 In second string: 0
2018-03-16 17:39:43 [main] INFO  App:67 - # of occurences of k In first string: 1 In second string: 3
2018-03-16 17:39:43 [main] INFO  App:67 - # of occurences of l In first string: 0 In second string: 0
2018-03-16 17:39:43 [main] INFO  App:67 - # of occurences of m In first string: 0 In second string: 1
2018-03-16 17:39:43 [main] INFO  App:67 - # of occurences of n In first string: 4 In second string: 4
2018-03-16 17:39:43 [main] INFO  App:67 - # of occurences of o In first string: 0 In second string: 0
2018-03-16 17:39:43 [main] INFO  App:67 - # of occurences of p In first string: 0 In second string: 0
2018-03-16 17:39:43 [main] INFO  App:67 - # of occurences of q In first string: 0 In second string: 0
2018-03-16 17:39:43 [main] INFO  App:67 - # of occurences of r In first string: 3 In second string: 2
2018-03-16 17:39:43 [main] INFO  App:67 - # of occurences of s In first string: 2 In second string: 1
2018-03-16 17:39:43 [main] INFO  App:67 - # of occurences of t In first string: 1 In second string: 0
2018-03-16 17:39:43 [main] INFO  App:67 - # of occurences of u In first string: 0 In second string: 0
2018-03-16 17:39:43 [main] INFO  App:67 - # of occurences of v In first string: 0 In second string: 0
2018-03-16 17:39:43 [main] INFO  App:67 - # of occurences of w In first string: 0 In second string: 0
2018-03-16 17:39:43 [main] INFO  App:67 - # of occurences of x In first string: 0 In second string: 0
2018-03-16 17:39:43 [main] INFO  App:67 - # of occurences of y In first string: 0 In second string: 0
2018-03-16 17:39:43 [main] INFO  App:67 - # of occurences of z In first string: 0 In second string: 0
2018-03-16 17:39:43 [main] INFO  App:83 - The second string has 2 occurences of a and the first string has only 1 occurences of  a
2018-03-16 17:39:43 [main] INFO  App:85 - So removing 1 occurences of a from second string
2018-03-16 17:39:43 [main] INFO  App:112 - removeOccurrencesOfCharacter: Just removed an occurence of a, resulting in frnkkkensdeinmanger
2018-03-16 17:39:43 [main] INFO  App:115 - returning resulting string:  frnkkkensdeinmanger
2018-03-16 17:39:43 [main] INFO  App:83 - The second string has 1 occurences of d and the first string has only 0 occurences of  d
2018-03-16 17:39:43 [main] INFO  App:85 - So removing 1 occurences of d from second string
2018-03-16 17:39:43 [main] INFO  App:112 - removeOccurrencesOfCharacter: Just removed an occurence of d, resulting in frankkkenseinmanger
2018-03-16 17:39:43 [main] INFO  App:115 - returning resulting string:  frankkkenseinmanger
2018-03-16 17:39:43 [main] INFO  App:77 - The first string has 2 occurences of f and the second string has only 1 occurences of  f
2018-03-16 17:39:43 [main] INFO  App:79 - So removing 1 occurences of f from first string
2018-03-16 17:39:43 [main] INFO  App:112 - removeOccurrencesOfCharacter: Just removed an occurence of f, resulting in rankkkenseinmanger
2018-03-16 17:39:43 [main] INFO  App:115 - returning resulting string:  rankkkenseinmanger
2018-03-16 17:39:43 [main] INFO  App:83 - The second string has 3 occurences of k and the first string has only 1 occurences of  k
2018-03-16 17:39:43 [main] INFO  App:85 - So removing 2 occurences of k from second string
2018-03-16 17:39:43 [main] INFO  App:112 - removeOccurrencesOfCharacter: Just removed an occurence of k, resulting in frankkensdeinmanger
2018-03-16 17:39:43 [main] INFO  App:112 - removeOccurrencesOfCharacter: Just removed an occurence of k, resulting in frankensdeinmanger
2018-03-16 17:39:43 [main] INFO  App:115 - returning resulting string:  frankensdeinmanger
2018-03-16 17:39:43 [main] INFO  App:83 - The second string has 1 occurences of m and the first string has only 0 occurences of  m
2018-03-16 17:39:43 [main] INFO  App:85 - So removing 1 occurences of m from second string
2018-03-16 17:39:43 [main] INFO  App:112 - removeOccurrencesOfCharacter: Just removed an occurence of m, resulting in frankkkensdeinanger
2018-03-16 17:39:43 [main] INFO  App:115 - returning resulting string:  frankkkensdeinanger
2018-03-16 17:39:43 [main] INFO  App:77 - The first string has 3 occurences of r and the second string has only 2 occurences of  r
2018-03-16 17:39:43 [main] INFO  App:79 - So removing 1 occurences of r from first string
2018-03-16 17:39:43 [main] INFO  App:112 - removeOccurrencesOfCharacter: Just removed an occurence of r, resulting in fankkkensdeinanger
2018-03-16 17:39:43 [main] INFO  App:115 - returning resulting string:  fankkkensdeinanger
2018-03-16 17:39:43 [main] INFO  App:77 - The first string has 2 occurences of s and the second string has only 1 occurences of  s
2018-03-16 17:39:43 [main] INFO  App:79 - So removing 1 occurences of s from first string
2018-03-16 17:39:43 [main] INFO  App:112 - removeOccurrencesOfCharacter: Just removed an occurence of s, resulting in fankkkendeinanger
2018-03-16 17:39:43 [main] INFO  App:115 - returning resulting string:  fankkkendeinanger
2018-03-16 17:39:43 [main] INFO  App:77 - The first string has 1 occurences of t and the second string has only 0 occurences of  t
2018-03-16 17:39:43 [main] INFO  App:79 - So removing 1 occurences of t from first string
2018-03-16 17:39:43 [main] INFO  App:112 - removeOccurrencesOfCharacter: Just removed an occurence of t, resulting in fankkkendeinanger
2018-03-16 17:39:43 [main] INFO  App:115 - returning resulting string:  fankkkendeinanger
2018-03-16 17:39:43 [main] INFO  App:95 - Sorted and trimmed first string = aadeeefgikkknnnnr
2018-03-16 17:39:43 [main] INFO  App:100 - Sorted and trimmed second string = aadeeefgikkkmnnnnrrs
2018-03-16 17:39:43 [main] INFO  App:125 - 9 total characters were removed
